{"C:\\Users\\Rafael Moz\\Documents\\ConvertMyMoney\\Projeto - ConvertMyMoney\\lib\\api.bcb.js": {"path":"C:\\Users\\Rafael Moz\\Documents\\ConvertMyMoney\\Projeto - ConvertMyMoney\\lib\\api.bcb.js","statementMap":{"0":{"start":{"line":1,"column":14},"end":{"line":1,"column":30}},"1":{"start":{"line":3,"column":15},"end":{"line":3,"column":228}},"2":{"start":{"line":3,"column":23},"end":{"line":3,"column":228}},"3":{"start":{"line":7,"column":22},"end":{"line":7,"column":43}},"4":{"start":{"line":7,"column":29},"end":{"line":7,"column":43}},"5":{"start":{"line":10,"column":23},"end":{"line":10,"column":60}},"6":{"start":{"line":10,"column":30},"end":{"line":10,"column":60}},"7":{"start":{"line":12,"column":17},"end":{"line":15,"column":1}},"8":{"start":{"line":13,"column":18},"end":{"line":13,"column":28}},"9":{"start":{"line":14,"column":4},"end":{"line":14,"column":76}},"10":{"start":{"line":18,"column":19},"end":{"line":28,"column":1}},"11":{"start":{"line":18,"column":76},"end":{"line":28,"column":1}},"12":{"start":{"line":19,"column":4},"end":{"line":27,"column":5}},"13":{"start":{"line":20,"column":22},"end":{"line":20,"column":32}},"14":{"start":{"line":21,"column":20},"end":{"line":21,"column":33}},"15":{"start":{"line":22,"column":20},"end":{"line":22,"column":44}},"16":{"start":{"line":23,"column":24},"end":{"line":23,"column":43}},"17":{"start":{"line":24,"column":8},"end":{"line":24,"column":22}},"18":{"start":{"line":26,"column":8},"end":{"line":26,"column":17}},"19":{"start":{"line":30,"column":0},"end":{"line":39,"column":1}}},"fnMap":{"0":{"name":"(anonymous_0)","decl":{"start":{"line":3,"column":15},"end":{"line":3,"column":16}},"loc":{"start":{"line":3,"column":23},"end":{"line":3,"column":228}},"line":3},"1":{"name":"(anonymous_1)","decl":{"start":{"line":7,"column":22},"end":{"line":7,"column":23}},"loc":{"start":{"line":7,"column":29},"end":{"line":7,"column":43}},"line":7},"2":{"name":"(anonymous_2)","decl":{"start":{"line":10,"column":23},"end":{"line":10,"column":24}},"loc":{"start":{"line":10,"column":30},"end":{"line":10,"column":60}},"line":10},"3":{"name":"(anonymous_3)","decl":{"start":{"line":12,"column":17},"end":{"line":12,"column":18}},"loc":{"start":{"line":12,"column":22},"end":{"line":15,"column":1}},"line":12},"4":{"name":"(anonymous_4)","decl":{"start":{"line":18,"column":19},"end":{"line":18,"column":20}},"loc":{"start":{"line":18,"column":76},"end":{"line":28,"column":1}},"line":18},"5":{"name":"(anonymous_5)","decl":{"start":{"line":18,"column":76},"end":{"line":18,"column":77}},"loc":{"start":{"line":18,"column":86},"end":{"line":28,"column":1}},"line":18}},"branchMap":{},"s":{"0":1,"1":1,"2":1,"3":1,"4":1,"5":1,"6":1,"7":1,"8":1,"9":1,"10":1,"11":2,"12":1,"13":1,"14":1,"15":1,"16":1,"17":1,"18":0,"19":1},"f":{"0":1,"1":1,"2":1,"3":1,"4":2,"5":1},"b":{},"_coverageSchema":"43e27e138ebf9cfc5966b082cf9a028302ed4184","hash":"5ee962639ffe4ac521ea7c0aef41d0c2e7217426"}
,"C:\\Users\\Rafael Moz\\Documents\\ConvertMyMoney\\Projeto - ConvertMyMoney\\lib\\convert.js": {"path":"C:\\Users\\Rafael Moz\\Documents\\ConvertMyMoney\\Projeto - ConvertMyMoney\\lib\\convert.js","statementMap":{"0":{"start":{"line":1,"column":16},"end":{"line":3,"column":1}},"1":{"start":{"line":2,"column":4},"end":{"line":2,"column":31}},"2":{"start":{"line":5,"column":16},"end":{"line":7,"column":1}},"3":{"start":{"line":6,"column":4},"end":{"line":6,"column":39}},"4":{"start":{"line":9,"column":0},"end":{"line":12,"column":1}}},"fnMap":{"0":{"name":"(anonymous_0)","decl":{"start":{"line":1,"column":16},"end":{"line":1,"column":17}},"loc":{"start":{"line":1,"column":40},"end":{"line":3,"column":1}},"line":1},"1":{"name":"(anonymous_1)","decl":{"start":{"line":5,"column":16},"end":{"line":5,"column":17}},"loc":{"start":{"line":5,"column":24},"end":{"line":7,"column":1}},"line":5}},"branchMap":{},"s":{"0":1,"1":2,"2":1,"3":2,"4":1},"f":{"0":2,"1":2},"b":{},"_coverageSchema":"43e27e138ebf9cfc5966b082cf9a028302ed4184","hash":"37d3fe8c90d99adb17a168e58b0a03df80c4c3a8"}
}
